<?xml version="1.0" encoding="UTF-8"?>
<!-- Generated by org.testng.reporters.JUnitReportReporter -->
<testsuite hostname="LAPTOP-7SAHV49I" failures="0" tests="1" name="testCases.TC002_Login" time="5.100" errors="0" timestamp="2024-11-05T12:16:19 GMT-06:00" skipped="0">
  <testcase classname="testCases.TC002_Login" name="Login" time="5.100"/>
</testsuite> <!-- testCases.TC002_Login -->
